mode: set
redditclone/pkg/posts/repo/repo.go:16.58,18.16 2 1
redditclone/pkg/posts/repo/repo.go:22.2,22.19 1 1
redditclone/pkg/posts/repo/repo.go:18.16,20.3 1 1
redditclone/pkg/posts/repo/repo.go:25.87,27.16 2 1
redditclone/pkg/posts/repo/repo.go:31.2,31.19 1 1
redditclone/pkg/posts/repo/repo.go:27.16,29.3 1 1
redditclone/pkg/posts/repo/repo.go:34.83,36.16 2 1
redditclone/pkg/posts/repo/repo.go:39.2,39.19 1 1
redditclone/pkg/posts/repo/repo.go:36.16,38.3 1 1
redditclone/pkg/posts/repo/repo.go:42.58,44.16 2 1
redditclone/pkg/posts/repo/repo.go:47.2,47.19 1 1
redditclone/pkg/posts/repo/repo.go:44.16,46.3 1 1
redditclone/pkg/posts/repo/repo.go:50.64,52.16 2 1
redditclone/pkg/posts/repo/repo.go:55.2,55.17 1 1
redditclone/pkg/posts/repo/repo.go:52.16,54.3 1 1
redditclone/pkg/posts/repo/repo.go:58.46,68.16 9 1
redditclone/pkg/posts/repo/repo.go:71.2,71.12 1 1
redditclone/pkg/posts/repo/repo.go:68.16,70.3 1 1
redditclone/pkg/posts/repo/repo.go:74.41,77.2 2 1
redditclone/pkg/posts/repo/repo.go:79.53,81.2 1 1
redditclone/pkg/posts/repo/repo.go:83.81,85.17 2 1
redditclone/pkg/posts/repo/repo.go:89.2,90.36 2 1
redditclone/pkg/posts/repo/repo.go:97.2,97.13 1 1
redditclone/pkg/posts/repo/repo.go:105.2,109.13 4 1
redditclone/pkg/posts/repo/repo.go:85.17,87.3 1 1
redditclone/pkg/posts/repo/repo.go:90.36,91.23 1 1
redditclone/pkg/posts/repo/repo.go:94.3,94.10 1 1
redditclone/pkg/posts/repo/repo.go:91.23,92.12 1 1
redditclone/pkg/posts/repo/repo.go:97.13,98.28 1 1
redditclone/pkg/posts/repo/repo.go:101.3,102.46 2 1
redditclone/pkg/posts/repo/repo.go:98.28,100.4 1 1
redditclone/pkg/posts/repo/repo.go:112.84,114.17 2 1
redditclone/pkg/posts/repo/repo.go:118.2,119.36 2 1
redditclone/pkg/posts/repo/repo.go:126.2,126.11 1 1
redditclone/pkg/posts/repo/repo.go:130.2,130.27 1 1
redditclone/pkg/posts/repo/repo.go:133.2,137.13 5 1
redditclone/pkg/posts/repo/repo.go:114.17,116.3 1 1
redditclone/pkg/posts/repo/repo.go:119.36,120.23 1 1
redditclone/pkg/posts/repo/repo.go:123.3,123.10 1 1
redditclone/pkg/posts/repo/repo.go:120.23,121.12 1 1
redditclone/pkg/posts/repo/repo.go:126.11,128.3 1 1
redditclone/pkg/posts/repo/repo.go:130.27,132.3 1 1
redditclone/pkg/posts/repo/repo.go:140.53,143.17 2 1
redditclone/pkg/posts/repo/repo.go:148.2,149.34 2 1
redditclone/pkg/posts/repo/repo.go:154.2,154.58 1 1
redditclone/pkg/posts/repo/repo.go:143.17,146.3 2 1
redditclone/pkg/posts/repo/repo.go:149.34,150.21 1 1
redditclone/pkg/posts/repo/repo.go:150.21,152.4 1 1
redditclone/pkg/posts/repo/repo.go:157.42,159.17 2 1
redditclone/pkg/posts/repo/repo.go:164.2,165.34 2 1
redditclone/pkg/posts/repo/repo.go:168.2,168.23 1 1
redditclone/pkg/posts/repo/repo.go:159.17,162.3 2 1
redditclone/pkg/posts/repo/repo.go:165.34,167.3 1 1
redditclone/pkg/posts/repo/repo.go:171.30,173.2 1 1
