mode: set
redditclone/pkg/handlers/posts.go:29.76,31.16 2 1
redditclone/pkg/handlers/posts.go:35.2,38.8 3 1
redditclone/pkg/handlers/posts.go:31.16,34.3 2 1
redditclone/pkg/handlers/posts.go:41.76,44.16 3 1
redditclone/pkg/handlers/posts.go:48.2,51.8 3 1
redditclone/pkg/handlers/posts.go:44.16,47.3 2 1
redditclone/pkg/handlers/posts.go:54.76,57.16 3 1
redditclone/pkg/handlers/posts.go:61.2,66.16 3 1
redditclone/pkg/handlers/posts.go:70.2,73.8 3 1
redditclone/pkg/handlers/posts.go:57.16,60.3 2 1
redditclone/pkg/handlers/posts.go:66.16,69.3 2 1
redditclone/pkg/handlers/posts.go:76.72,79.16 3 1
redditclone/pkg/handlers/posts.go:83.2,86.16 3 1
redditclone/pkg/handlers/posts.go:91.2,94.8 3 1
redditclone/pkg/handlers/posts.go:79.16,82.3 2 1
redditclone/pkg/handlers/posts.go:86.16,89.3 2 1
redditclone/pkg/handlers/posts.go:99.68,104.16 4 1
redditclone/pkg/handlers/posts.go:109.2,110.20 2 1
redditclone/pkg/handlers/posts.go:113.2,121.29 2 1
redditclone/pkg/handlers/posts.go:127.2,128.16 2 1
redditclone/pkg/handlers/posts.go:133.2,134.16 2 1
redditclone/pkg/handlers/posts.go:138.2,141.8 3 1
redditclone/pkg/handlers/posts.go:104.16,107.3 2 1
redditclone/pkg/handlers/posts.go:110.20,112.3 1 0
redditclone/pkg/handlers/posts.go:121.29,123.3 1 1
redditclone/pkg/handlers/posts.go:123.8,125.3 1 1
redditclone/pkg/handlers/posts.go:128.16,131.3 2 0
redditclone/pkg/handlers/posts.go:134.16,137.3 2 1
redditclone/pkg/handlers/posts.go:144.71,147.16 3 1
redditclone/pkg/handlers/posts.go:152.2,155.16 2 1
redditclone/pkg/handlers/posts.go:160.2,163.8 4 1
redditclone/pkg/handlers/posts.go:147.16,150.3 2 1
redditclone/pkg/handlers/posts.go:155.16,158.3 2 0
redditclone/pkg/handlers/posts.go:169.75,172.16 3 1
redditclone/pkg/handlers/posts.go:176.2,178.16 3 1
redditclone/pkg/handlers/posts.go:183.2,183.26 1 1
redditclone/pkg/handlers/posts.go:201.2,202.20 2 1
redditclone/pkg/handlers/posts.go:206.2,215.16 5 1
redditclone/pkg/handlers/posts.go:220.2,222.8 3 1
redditclone/pkg/handlers/posts.go:172.16,175.3 2 1
redditclone/pkg/handlers/posts.go:178.16,181.3 2 1
redditclone/pkg/handlers/posts.go:183.26,191.24 2 1
redditclone/pkg/handlers/posts.go:196.3,198.9 3 1
redditclone/pkg/handlers/posts.go:191.24,194.4 2 0
redditclone/pkg/handlers/posts.go:202.20,204.3 1 0
redditclone/pkg/handlers/posts.go:215.16,218.3 2 1
redditclone/pkg/handlers/posts.go:225.78,228.16 3 1
redditclone/pkg/handlers/posts.go:232.2,233.16 2 1
redditclone/pkg/handlers/posts.go:237.2,239.16 3 1
redditclone/pkg/handlers/posts.go:243.2,246.8 3 1
redditclone/pkg/handlers/posts.go:228.16,231.3 2 1
redditclone/pkg/handlers/posts.go:233.16,236.3 2 1
redditclone/pkg/handlers/posts.go:239.16,242.3 2 1
redditclone/pkg/handlers/posts.go:251.71,253.17 2 1
redditclone/pkg/handlers/posts.go:257.2,259.16 3 1
redditclone/pkg/handlers/posts.go:264.2,267.8 3 1
redditclone/pkg/handlers/posts.go:253.17,256.3 2 1
redditclone/pkg/handlers/posts.go:259.16,262.3 2 1
redditclone/pkg/handlers/posts.go:270.73,272.17 2 1
redditclone/pkg/handlers/posts.go:276.2,278.16 3 1
redditclone/pkg/handlers/posts.go:283.2,286.8 3 1
redditclone/pkg/handlers/posts.go:272.17,275.3 2 1
redditclone/pkg/handlers/posts.go:278.16,281.3 2 1
redditclone/pkg/handlers/posts.go:289.71,291.17 2 1
redditclone/pkg/handlers/posts.go:296.2,298.16 3 1
redditclone/pkg/handlers/posts.go:303.2,306.8 3 1
redditclone/pkg/handlers/posts.go:291.17,294.3 2 1
redditclone/pkg/handlers/posts.go:298.16,301.3 2 1
redditclone/pkg/handlers/posts.go:311.172,314.16 3 1
redditclone/pkg/handlers/posts.go:318.2,319.20 2 1
redditclone/pkg/handlers/posts.go:322.2,325.14 2 1
redditclone/pkg/handlers/posts.go:334.2,334.52 1 1
redditclone/pkg/handlers/posts.go:314.16,317.3 2 1
redditclone/pkg/handlers/posts.go:319.20,321.3 1 0
redditclone/pkg/handlers/posts.go:326.9,327.14 1 1
redditclone/pkg/handlers/posts.go:328.10,329.15 1 1
redditclone/pkg/handlers/posts.go:330.10,331.14 1 1
redditclone/pkg/handlers/posts.go:337.119,339.16 2 1
redditclone/pkg/handlers/posts.go:344.2,345.15 2 1
redditclone/pkg/handlers/posts.go:339.16,342.3 2 0
redditclone/pkg/handlers/posts.go:348.113,350.16 2 1
redditclone/pkg/handlers/posts.go:354.2,355.15 2 1
redditclone/pkg/handlers/posts.go:350.16,353.3 2 0
redditclone/pkg/handlers/posts.go:358.117,363.97 4 1
redditclone/pkg/handlers/posts.go:366.2,366.16 1 1
redditclone/pkg/handlers/posts.go:371.2,375.20 4 1
redditclone/pkg/handlers/posts.go:379.2,383.25 2 1
redditclone/pkg/handlers/posts.go:363.97,365.3 1 1
redditclone/pkg/handlers/posts.go:366.16,369.3 2 0
redditclone/pkg/handlers/posts.go:375.20,378.3 2 0
redditclone/pkg/handlers/user.go:25.69,28.16 3 1
redditclone/pkg/handlers/user.go:32.2,34.27 2 1
redditclone/pkg/handlers/user.go:48.2,48.28 1 1
redditclone/pkg/handlers/user.go:61.2,62.16 2 1
redditclone/pkg/handlers/user.go:68.2,69.15 2 1
redditclone/pkg/handlers/user.go:28.16,31.3 2 1
redditclone/pkg/handlers/user.go:34.27,38.24 2 1
redditclone/pkg/handlers/user.go:43.3,45.9 3 1
redditclone/pkg/handlers/user.go:38.24,41.4 2 0
redditclone/pkg/handlers/user.go:48.28,52.24 2 1
redditclone/pkg/handlers/user.go:57.3,59.9 3 1
redditclone/pkg/handlers/user.go:52.24,55.4 2 0
redditclone/pkg/handlers/user.go:62.16,66.3 3 1
redditclone/pkg/handlers/user.go:72.72,75.16 3 1
redditclone/pkg/handlers/user.go:79.2,81.16 2 1
redditclone/pkg/handlers/user.go:99.2,108.16 5 1
redditclone/pkg/handlers/user.go:114.2,116.15 2 1
redditclone/pkg/handlers/user.go:75.16,78.3 2 1
redditclone/pkg/handlers/user.go:81.16,90.24 2 1
redditclone/pkg/handlers/user.go:95.3,97.9 3 1
redditclone/pkg/handlers/user.go:90.24,93.4 2 0
redditclone/pkg/handlers/user.go:108.16,112.3 3 1
redditclone/pkg/handlers/user.go:119.80,125.16 2 1
redditclone/pkg/handlers/user.go:130.2,130.15 1 1
redditclone/pkg/handlers/user.go:125.16,128.3 2 0
redditclone/pkg/handlers/user.go:133.110,144.16 3 1
redditclone/pkg/handlers/user.go:149.2,152.16 2 1
redditclone/pkg/handlers/user.go:157.2,157.13 1 1
redditclone/pkg/handlers/user.go:144.16,147.3 2 0
redditclone/pkg/handlers/user.go:152.16,155.3 2 0
